Algorithm               condIncorrect   Atleast1Cor    %ImpPoss
-------------------------------------------------------------------
Bubblesort                   4143447	         0	0
FloatMM                      6238254	      8098	0.129812
IntMM                           2974	        67	2.25286
Oscar                          44403	         0	0
Perm                         3574945	         0	0
Puzzle                      11088372	         0	0
Queens                       5006286	         0	0
Quicksort                    4520892	         0	0
RealMM                         18422	         0	0
step1                        1000429	         0	0
step2                        1111542	         0	0
step3                        6564087	         0	0
step4                        6564087	         0	0
step5                        3768221	         0	0
step6                        2500427	         0	0
step7                        2500427	         0	0
step8                        6031425	         0	0
step9                       15344115	         0	0
step10                        639238	         0	0
Towers                       2206688	         0	0
Treesort                     7077157	         0	0
