Algorithm               condIncorrect   Atleast1Cor    %ImpPoss
-------------------------------------------------------------------
step9                         269347	    537714	199.636
step8                         945147	    829741	87.7896
step10                        392737	    221998	56.5259
step2                            494	        77	15.587
step4                            432	        67	15.5093
step3                            432	        67	15.5093
step1                            492	        73	14.8374
step7                            483	        59	12.2153
step6                            483	        59	12.2153
step5                            496	        60	12.0968
IntMM                           2974	        67	2.25286
FloatMM                      6238254	      8098	0.129812
Treesort                     7077157	         0	0
Towers                       2206688	         0	0
RealMM                         18422	         0	0
Quicksort                    4520892	         0	0
Queens                       5006286	         0	0
Puzzle                      11088372	         0	0
Perm                         3574945	         0	0
Oscar                          44403	         0	0
Bubblesort                   4143447	         0	0
blackscholes                    3012	         0	0
blackscholes_16                 9246	         0	0
