Algorithm               condIncorrect   Atleast1Cor    %ImpPoss
-------------------------------------------------------------------
Bubblesort                   1218669	    688715	56.5137
FloatMM                      6238254	      8098	0.129812
IntMM                           2974	        67	2.25286
Oscar                           9805	      1509	15.3901
Perm                          258862	      1215	0.469362
Puzzle                       6845687	   4194781	61.2763
Queens                       1725398	   1610311	93.3298
Quicksort                    3480301	   3054130	87.7548
RealMM                         18158	       340	1.87245
step1                            489	        73	14.9284
step2                            491	        77	15.6823
step3                            424	        67	15.8019
step4                            424	        67	15.8019
step5                            489	        58	11.8609
step6                            481	        59	12.2661
step7                            481	        59	12.2661
step8                         945147	    829743	87.7898
step9                         269346	    537714	199.637
Towers                        126474	    154460	122.128
Treesort                     4862015	   3461537	71.1955
