Algorithm               condIncorrect   Atleast1Cor    %ImpPoss
-------------------------------------------------------------------
step9                         269346	    537714	199.637
Towers                        126474	    154460	122.128
Queens                       1725398	   1610311	93.3298
step8                         945147	    829743	87.7898
Quicksort                    3480301	   3054130	87.7548
Treesort                     4862015	   3461537	71.1955
Puzzle                       6845687	   4194781	61.2763
Bubblesort                   1218669	    688715	56.5137
step4                            424	        67	15.8019
step3                            424	        67	15.8019
step2                            491	        77	15.6823
Oscar                           9805	      1509	15.3901
step1                            489	        73	14.9284
step7                            481	        59	12.2661
step6                            481	        59	12.2661
step5                            489	        58	11.8609
IntMM                           2974	        67	2.25286
RealMM                         18158	       340	1.87245
Perm                          258862	      1215	0.469362
FloatMM                      6238254	      8098	0.129812
