Algorithm               condIncorrect   Atleast1Cor    %ImpPoss
-------------------------------------------------------------------
step9                       19703516	  19512550	99.0308
Towers                       2435171	   2027105	83.2428
Bubblesort                   6465414	   5225383	80.8205
Quicksort                    4977773	   3872390	77.7936
Treesort                    10301412	   7287128	70.7391
Queens                       5596820	   3925640	70.1405
step4                        6034235	   3927978	65.0949
step3                        6034235	   3927978	65.0949
Perm                         3077205	   1722354	55.9714
step10                       1268847	    575967	45.3929
Puzzle                      11786985	   5261907	44.6417
step8                        6222786	   2459261	39.5203
Oscar                          44215	     15080	34.1061
step5                        3386246	    367485	10.8523
RealMM                         18310	       597	3.26051
step1                        1000428	        40	0.00399829
step2                        1111541	        40	0.00359861
step7                        2500438	        63	0.00251956
step6                        2500438	        63	0.00251956
